[{"line":1,"elements":[{"start_timestamp":"2024-03-27T03:13:56.487Z","line":3,"name":"verify login with valid cred","description":"","id":"login-functionality;verify-login-with-valid-cred","type":"scenario","keyword":"Scenario","steps":[{"result":{"duration":11853174700,"status":"passed"},"line":5,"name":"user launch the browser","match":{"location":"stepDefinition.StepsImplementation.userlaunchthebrowser()"},"keyword":"Given "},{"result":{"duration":175740400,"status":"passed"},"line":6,"name":"user navigate on the login page","match":{"location":"stepDefinition.StepsImplementation.usernavigateontheloginpage()"},"keyword":"When "},{"result":{"duration":2220631900,"status":"passed"},"line":7,"name":"user enter username and password","match":{"location":"stepDefinition.StepsImplementation.userenterusernameandpassword()"},"keyword":"When "},{"result":{"duration":49520600,"status":"passed"},"line":8,"name":"user click on login button","match":{"location":"stepDefinition.StepsImplementation.userclickonloginbutton()"},"keyword":"When "},{"result":{"duration":4048529900,"status":"passed"},"line":9,"name":"user get successful message","match":{"location":"stepDefinition.StepsImplementation.usergetsuccessfulmessage()"},"keyword":"Then "}]},{"start_timestamp":"2024-03-27T03:14:14.863Z","line":11,"name":"verify login with invalid cred","description":"","id":"login-functionality;verify-login-with-invalid-cred","type":"scenario","keyword":"Scenario","steps":[{"result":{"duration":5037767200,"status":"passed"},"line":13,"name":"user launch the browser","match":{"location":"stepDefinition.StepsImplementation.userlaunchthebrowser()"},"keyword":"Given "},{"result":{"duration":208663000,"status":"passed"},"line":14,"name":"user navigate on the login page","match":{"location":"stepDefinition.StepsImplementation.usernavigateontheloginpage()"},"keyword":"When "},{"result":{"duration":2164561600,"status":"passed"},"line":15,"name":"user enter username and password","match":{"location":"stepDefinition.StepsImplementation.userenterusernameandpassword()"},"keyword":"And "},{"result":{"duration":60388100,"status":"passed"},"line":16,"name":"user click on login button","match":{"location":"stepDefinition.StepsImplementation.userclickonloginbutton()"},"keyword":"And "},{"result":{"error_message":"org.openqa.selenium.NoAlertPresentException: no such alert\n  (Session info: chrome=123.0.6312.59)\nBuild info: version: '4.18.1', revision: 'b1d3319b48'\nSystem info: os.name: 'Windows 10', os.arch: 'amd64', os.version: '10.0', java.version: '17'\nDriver info: org.openqa.selenium.chrome.ChromeDriver\nCommand: [fbd0c82827f1555bd5745deef8aed99f, getAlertText {}]\nCapabilities {acceptInsecureCerts: false, browserName: chrome, browserVersion: 123.0.6312.59, chrome: {chromedriverVersion: 123.0.6312.86 (9b72c47a0536..., userDataDir: C:\\Users\\232338\\AppData\\Loc...}, fedcm:accounts: true, goog:chromeOptions: {debuggerAddress: localhost:61905}, networkConnectionEnabled: false, pageLoadStrategy: normal, platformName: windows, proxy: Proxy(), se:cdp: ws://localhost:61905/devtoo..., se:cdpVersion: 123.0.6312.59, setWindowRect: true, strictFileInteractability: false, timeouts: {implicit: 0, pageLoad: 300000, script: 30000}, unhandledPromptBehavior: dismiss and notify, webauthn:extension:credBlob: true, webauthn:extension:largeBlob: true, webauthn:extension:minPinLength: true, webauthn:extension:prf: true, webauthn:virtualAuthenticators: true}\nSession ID: fbd0c82827f1555bd5745deef8aed99f\r\n\tat java.base/jdk.internal.reflect.NativeConstructorAccessorImpl.newInstance0(Native Method)\r\n\tat java.base/jdk.internal.reflect.NativeConstructorAccessorImpl.newInstance(NativeConstructorAccessorImpl.java:77)\r\n\tat java.base/jdk.internal.reflect.DelegatingConstructorAccessorImpl.newInstance(DelegatingConstructorAccessorImpl.java:45)\r\n\tat java.base/java.lang.reflect.Constructor.newInstanceWithCaller(Constructor.java:499)\r\n\tat java.base/java.lang.reflect.Constructor.newInstance(Constructor.java:480)\r\n\tat org.openqa.selenium.remote.ErrorCodec.decode(ErrorCodec.java:167)\r\n\tat org.openqa.selenium.remote.codec.w3c.W3CHttpResponseCodec.decode(W3CHttpResponseCodec.java:138)\r\n\tat org.openqa.selenium.remote.codec.w3c.W3CHttpResponseCodec.decode(W3CHttpResponseCodec.java:50)\r\n\tat org.openqa.selenium.remote.HttpCommandExecutor.execute(HttpCommandExecutor.java:190)\r\n\tat org.openqa.selenium.remote.service.DriverCommandExecutor.invokeExecute(DriverCommandExecutor.java:216)\r\n\tat org.openqa.selenium.remote.service.DriverCommandExecutor.execute(DriverCommandExecutor.java:174)\r\n\tat org.openqa.selenium.remote.RemoteWebDriver.execute(RemoteWebDriver.java:519)\r\n\tat org.openqa.selenium.remote.RemoteWebDriver.execute(RemoteWebDriver.java:592)\r\n\tat org.openqa.selenium.remote.RemoteWebDriver.execute(RemoteWebDriver.java:596)\r\n\tat org.openqa.selenium.remote.RemoteWebDriver$RemoteTargetLocator.alert(RemoteWebDriver.java:1164)\r\n\tat stepDefinition.StepsImplementation.user_will_not_logged_in(StepsImplementation.java:57)\r\n\tat ✽.user will not logged in(file:///D:/Workspace/16Decworkspace/CucumberTopic16Dec/src/test/java/features/Login.feature:17)\r\n","duration":26579600,"status":"failed"},"line":17,"name":"user will not logged in","match":{"location":"stepDefinition.StepsImplementation.user_will_not_logged_in()"},"keyword":"Then "}]}],"name":"login functionality","description":"","id":"login-functionality","keyword":"Feature","uri":"file:src/test/java/features/Login.feature","tags":[]},{"line":1,"elements":[{"start_timestamp":"2024-03-27T03:14:22.411Z","line":3,"name":"verify signup test with valid details","description":"","id":"signup-test;verify-signup-test-with-valid-details","type":"scenario","keyword":"Scenario","steps":[{"result":{"duration":4666190200,"status":"passed"},"line":5,"name":"user launch the browser","match":{"location":"stepDefinition.StepsImplementation.userlaunchthebrowser()"},"keyword":"Given "},{"result":{"duration":203592400,"status":"passed"},"line":6,"name":"user navigate on the signup page","match":{"location":"stepDefinition.StepsImplementation.user_navigate_on_the_signup_page()"},"keyword":"When "},{"result":{"duration":2318626500,"status":"passed"},"line":7,"name":"user enter username and password on signup","match":{"location":"stepDefinition.StepsImplementation.user_enter_username_and_password_on_signup()"},"keyword":"And "},{"result":{"duration":125287200,"status":"passed"},"line":8,"name":"user click on signup button","match":{"location":"stepDefinition.StepsImplementation.user_click_on_signup_button()"},"keyword":"And "},{"result":{"error_message":"org.openqa.selenium.UnhandledAlertException: unexpected alert open: {Alert text : Sign up successful.}\n  (Session info: chrome=123.0.6312.59): Sign up successful.\nBuild info: version: '4.18.1', revision: 'b1d3319b48'\nSystem info: os.name: 'Windows 10', os.arch: 'amd64', os.version: '10.0', java.version: '17'\nDriver info: org.openqa.selenium.chrome.ChromeDriver\nCommand: [2b7be56e61201f39a0864798f4e32c50, findElement {using=xpath, value=//a[@id='nameofuser']}]\nCapabilities {acceptInsecureCerts: false, browserName: chrome, browserVersion: 123.0.6312.59, chrome: {chromedriverVersion: 123.0.6312.86 (9b72c47a0536..., userDataDir: C:\\Users\\232338\\AppData\\Loc...}, fedcm:accounts: true, goog:chromeOptions: {debuggerAddress: localhost:61932}, networkConnectionEnabled: false, pageLoadStrategy: normal, platformName: windows, proxy: Proxy(), se:cdp: ws://localhost:61932/devtoo..., se:cdpVersion: 123.0.6312.59, setWindowRect: true, strictFileInteractability: false, timeouts: {implicit: 0, pageLoad: 300000, script: 30000}, unhandledPromptBehavior: dismiss and notify, webauthn:extension:credBlob: true, webauthn:extension:largeBlob: true, webauthn:extension:minPinLength: true, webauthn:extension:prf: true, webauthn:virtualAuthenticators: true}\nSession ID: 2b7be56e61201f39a0864798f4e32c50\r\n\tat org.openqa.selenium.remote.codec.w3c.W3CHttpResponseCodec.decode(W3CHttpResponseCodec.java:136)\r\n\tat org.openqa.selenium.remote.codec.w3c.W3CHttpResponseCodec.decode(W3CHttpResponseCodec.java:50)\r\n\tat org.openqa.selenium.remote.HttpCommandExecutor.execute(HttpCommandExecutor.java:190)\r\n\tat org.openqa.selenium.remote.service.DriverCommandExecutor.invokeExecute(DriverCommandExecutor.java:216)\r\n\tat org.openqa.selenium.remote.service.DriverCommandExecutor.execute(DriverCommandExecutor.java:174)\r\n\tat org.openqa.selenium.remote.RemoteWebDriver.execute(RemoteWebDriver.java:519)\r\n\tat org.openqa.selenium.remote.ElementLocation$ElementFinder$2.findElement(ElementLocation.java:165)\r\n\tat org.openqa.selenium.remote.ElementLocation.findElement(ElementLocation.java:59)\r\n\tat org.openqa.selenium.remote.RemoteWebDriver.findElement(RemoteWebDriver.java:356)\r\n\tat org.openqa.selenium.remote.RemoteWebDriver.findElement(RemoteWebDriver.java:350)\r\n\tat stepDefinition.StepsImplementation.usergetsuccessfulmessage(StepsImplementation.java:49)\r\n\tat ✽.user get successful message(file:///D:/Workspace/16Decworkspace/CucumberTopic16Dec/src/test/java/features/Signup.feature:9)\r\n","duration":4020930000,"status":"failed"},"line":9,"name":"user get successful message","match":{"location":"stepDefinition.StepsImplementation.usergetsuccessfulmessage()"},"keyword":"Then "}]}],"name":"Signup test","description":"","id":"signup-test","keyword":"Feature","uri":"file:src/test/java/features/Signup.feature","tags":[]}]