<?xml version="1.0" encoding="UTF-8"?>
<testng-results ignored="0" total="4" passed="3" failed="1" skipped="0">
  <reporter-output>
  </reporter-output>
  <suite started-at="2024-03-18T08:52:46 IST" name="RegressionSuite" finished-at="2024-03-18T08:53:26 IST" duration-ms="39570">
    <groups>
    </groups>
    <test started-at="2024-03-18T08:52:46 IST" name="RegressionTest" finished-at="2024-03-18T08:53:26 IST" duration-ms="39570">
      <class name="com.opencart.testlayer.LoginTest">
        <test-method is-config="true" signature="setUp()[pri:0, instance:com.opencart.testlayer.LoginTest@5af3afd9]" started-at="2024-03-18T08:53:07 IST" name="setUp" finished-at="2024-03-18T08:53:14 IST" duration-ms="7309" status="PASS">
          <reporter-output>
          </reporter-output>
        </test-method> <!-- setUp -->
        <test-method signature="verifyLoginTestWithInValidDetails()[pri:0, instance:com.opencart.testlayer.LoginTest@5af3afd9]" started-at="2024-03-18T08:53:14 IST" name="verifyLoginTestWithInValidDetails" finished-at="2024-03-18T08:53:16 IST" duration-ms="1223" status="PASS">
          <reporter-output>
          </reporter-output>
        </test-method> <!-- verifyLoginTestWithInValidDetails -->
        <test-method is-config="true" signature="tearDown()[pri:0, instance:com.opencart.testlayer.LoginTest@5af3afd9]" started-at="2024-03-18T08:53:16 IST" name="tearDown" finished-at="2024-03-18T08:53:17 IST" duration-ms="1425" status="PASS">
          <reporter-output>
          </reporter-output>
        </test-method> <!-- tearDown -->
        <test-method is-config="true" signature="setUp()[pri:0, instance:com.opencart.testlayer.LoginTest@5af3afd9]" started-at="2024-03-18T08:53:17 IST" name="setUp" finished-at="2024-03-18T08:53:23 IST" duration-ms="5769" status="PASS">
          <reporter-output>
          </reporter-output>
        </test-method> <!-- setUp -->
        <test-method signature="verifyLoginTestWithValidDetails()[pri:0, instance:com.opencart.testlayer.LoginTest@5af3afd9]" started-at="2024-03-18T08:53:23 IST" name="verifyLoginTestWithValidDetails" finished-at="2024-03-18T08:53:24 IST" duration-ms="1312" status="PASS">
          <reporter-output>
          </reporter-output>
        </test-method> <!-- verifyLoginTestWithValidDetails -->
        <test-method is-config="true" signature="tearDown()[pri:0, instance:com.opencart.testlayer.LoginTest@5af3afd9]" started-at="2024-03-18T08:53:24 IST" name="tearDown" finished-at="2024-03-18T08:53:26 IST" duration-ms="1515" status="PASS">
          <reporter-output>
          </reporter-output>
        </test-method> <!-- tearDown -->
      </class> <!-- com.opencart.testlayer.LoginTest -->
      <class name="com.opencart.testlayer.RegisterTest">
        <test-method is-config="true" signature="setUp()[pri:0, instance:com.opencart.testlayer.RegisterTest@243c4f91]" started-at="2024-03-18T08:52:46 IST" name="setUp" finished-at="2024-03-18T08:52:53 IST" duration-ms="7199" status="PASS">
          <reporter-output>
          </reporter-output>
        </test-method> <!-- setUp -->
        <test-method signature="validateRegisteringAccountByProvidingExistingAccountdetails()[pri:0, instance:com.opencart.testlayer.RegisterTest@243c4f91]" started-at="2024-03-18T08:52:53 IST" name="validateRegisteringAccountByProvidingExistingAccountdetails" finished-at="2024-03-18T08:52:55 IST" duration-ms="2245" status="PASS">
          <reporter-output>
          </reporter-output>
        </test-method> <!-- validateRegisteringAccountByProvidingExistingAccountdetails -->
        <test-method is-config="true" signature="tearDown()[pri:0, instance:com.opencart.testlayer.RegisterTest@243c4f91]" started-at="2024-03-18T08:52:55 IST" name="tearDown" finished-at="2024-03-18T08:52:57 IST" duration-ms="1747" status="PASS">
          <reporter-output>
          </reporter-output>
        </test-method> <!-- tearDown -->
        <test-method is-config="true" signature="setUp()[pri:0, instance:com.opencart.testlayer.RegisterTest@243c4f91]" started-at="2024-03-18T08:52:57 IST" name="setUp" finished-at="2024-03-18T08:53:03 IST" duration-ms="6122" status="PASS">
          <reporter-output>
          </reporter-output>
        </test-method> <!-- setUp -->
        <test-method signature="validateRegisteringAccountByProvidingValidAccountdetails()[pri:0, instance:com.opencart.testlayer.RegisterTest@243c4f91]" started-at="2024-03-18T08:53:03 IST" name="validateRegisteringAccountByProvidingValidAccountdetails" finished-at="2024-03-18T08:53:05 IST" duration-ms="2005" status="FAIL">
          <exception class="java.lang.AssertionError">
            <message>
              <![CDATA[expected [Your Account Has Been Created!] but found [Register Account]]]>
            </message>
            <full-stacktrace>
              <![CDATA[java.lang.AssertionError: expected [Your Account Has Been Created!] but found [Register Account]
at org.testng.Assert.fail(Assert.java:99)
at org.testng.Assert.failNotEquals(Assert.java:1037)
at org.testng.Assert.assertEqualsImpl(Assert.java:140)
at org.testng.Assert.assertEquals(Assert.java:122)
at org.testng.Assert.assertEquals(Assert.java:629)
at org.testng.Assert.assertEquals(Assert.java:639)
at com.opencart.testlayer.RegisterTest.validateRegisteringAccountByProvidingValidAccountdetails(RegisterTest.java:35)
at java.base/jdk.internal.reflect.NativeMethodAccessorImpl.invoke0(Native Method)
at java.base/jdk.internal.reflect.NativeMethodAccessorImpl.invoke(NativeMethodAccessorImpl.java:77)
at java.base/jdk.internal.reflect.DelegatingMethodAccessorImpl.invoke(DelegatingMethodAccessorImpl.java:43)
at java.base/java.lang.reflect.Method.invoke(Method.java:568)
at org.testng.internal.MethodInvocationHelper.invokeMethod(MethodInvocationHelper.java:133)
at org.testng.internal.TestInvoker.invokeMethod(TestInvoker.java:598)
at org.testng.internal.TestInvoker.invokeTestMethod(TestInvoker.java:173)
at org.testng.internal.MethodRunner.runInSequence(MethodRunner.java:46)
at org.testng.internal.TestInvoker$MethodInvocationAgent.invoke(TestInvoker.java:824)
at org.testng.internal.TestInvoker.invokeTestMethods(TestInvoker.java:146)
at org.testng.internal.TestMethodWorker.invokeTestMethods(TestMethodWorker.java:146)
at org.testng.internal.TestMethodWorker.run(TestMethodWorker.java:128)
at java.base/java.util.ArrayList.forEach(ArrayList.java:1511)
at org.testng.TestRunner.privateRun(TestRunner.java:794)
at org.testng.TestRunner.run(TestRunner.java:596)
at org.testng.SuiteRunner.runTest(SuiteRunner.java:377)
at org.testng.SuiteRunner.runSequentially(SuiteRunner.java:371)
at org.testng.SuiteRunner.privateRun(SuiteRunner.java:332)
at org.testng.SuiteRunner.run(SuiteRunner.java:276)
at org.testng.SuiteRunnerWorker.runSuite(SuiteRunnerWorker.java:53)
at org.testng.SuiteRunnerWorker.run(SuiteRunnerWorker.java:96)
at org.testng.TestNG.runSuitesSequentially(TestNG.java:1212)
at org.testng.TestNG.runSuitesLocally(TestNG.java:1134)
at org.testng.TestNG.runSuites(TestNG.java:1063)
at org.testng.TestNG.run(TestNG.java:1031)
at org.testng.remote.AbstractRemoteTestNG.run(AbstractRemoteTestNG.java:115)
at org.testng.remote.RemoteTestNG.initAndRun(RemoteTestNG.java:251)
at org.testng.remote.RemoteTestNG.main(RemoteTestNG.java:77)
]]>
            </full-stacktrace>
          </exception> <!-- java.lang.AssertionError -->
          <reporter-output>
          </reporter-output>
        </test-method> <!-- validateRegisteringAccountByProvidingValidAccountdetails -->
        <test-method is-config="true" signature="tearDown()[pri:0, instance:com.opencart.testlayer.RegisterTest@243c4f91]" started-at="2024-03-18T08:53:06 IST" name="tearDown" finished-at="2024-03-18T08:53:07 IST" duration-ms="1477" status="PASS">
          <reporter-output>
          </reporter-output>
        </test-method> <!-- tearDown -->
      </class> <!-- com.opencart.testlayer.RegisterTest -->
    </test> <!-- RegressionTest -->
  </suite> <!-- RegressionSuite -->
</testng-results>
