<?xml version="1.0" encoding="UTF-8"?>
<testng-results ignored="2" total="6" passed="3" failed="1" skipped="0">
  <reporter-output>
  </reporter-output>
  <suite started-at="2024-03-19T09:21:21 IST" name="RegressionSuite" finished-at="2024-03-19T09:21:54 IST" duration-ms="32832">
    <groups>
    </groups>
    <test started-at="2024-03-19T09:21:21 IST" name="RegressionTest" finished-at="2024-03-19T09:21:54 IST" duration-ms="32832">
      <class name="com.opencart.testlayer.LoginTest">
        <test-method is-config="true" signature="setUp()[pri:0, instance:com.opencart.testlayer.LoginTest@4a94ee4]" started-at="2024-03-19T09:21:38 IST" name="setUp" finished-at="2024-03-19T09:21:43 IST" duration-ms="5361" status="PASS">
          <reporter-output>
          </reporter-output>
        </test-method> <!-- setUp -->
        <test-method signature="verifyLoginTestWithInValidDetails()[pri:0, instance:com.opencart.testlayer.LoginTest@4a94ee4]" started-at="2024-03-19T09:21:43 IST" name="verifyLoginTestWithInValidDetails" finished-at="2024-03-19T09:21:44 IST" duration-ms="1208" status="PASS">
          <reporter-output>
          </reporter-output>
        </test-method> <!-- verifyLoginTestWithInValidDetails -->
        <test-method is-config="true" signature="tearDown()[pri:0, instance:com.opencart.testlayer.LoginTest@4a94ee4]" started-at="2024-03-19T09:21:44 IST" name="tearDown" finished-at="2024-03-19T09:21:46 IST" duration-ms="1312" status="PASS">
          <reporter-output>
          </reporter-output>
        </test-method> <!-- tearDown -->
        <test-method is-config="true" signature="setUp()[pri:0, instance:com.opencart.testlayer.LoginTest@4a94ee4]" started-at="2024-03-19T09:21:46 IST" name="setUp" finished-at="2024-03-19T09:21:51 IST" duration-ms="5388" status="PASS">
          <reporter-output>
          </reporter-output>
        </test-method> <!-- setUp -->
        <test-method signature="verifyLoginTestWithValidDetails()[pri:0, instance:com.opencart.testlayer.LoginTest@4a94ee4]" started-at="2024-03-19T09:21:51 IST" name="verifyLoginTestWithValidDetails" finished-at="2024-03-19T09:21:53 IST" duration-ms="1422" status="PASS">
          <reporter-output>
          </reporter-output>
        </test-method> <!-- verifyLoginTestWithValidDetails -->
        <test-method is-config="true" signature="tearDown()[pri:0, instance:com.opencart.testlayer.LoginTest@4a94ee4]" started-at="2024-03-19T09:21:53 IST" name="tearDown" finished-at="2024-03-19T09:21:54 IST" duration-ms="1308" status="PASS">
          <reporter-output>
          </reporter-output>
        </test-method> <!-- tearDown -->
      </class> <!-- com.opencart.testlayer.LoginTest -->
      <class name="com.opencart.testlayer.RegisterTest">
        <test-method is-config="true" signature="start()[pri:0, instance:com.opencart.testlayer.RegisterTest@4f6ee6e4]" started-at="2024-03-19T09:21:21 IST" name="start" finished-at="2024-03-19T09:21:21 IST" duration-ms="146" status="PASS">
          <reporter-output>
          </reporter-output>
        </test-method> <!-- start -->
        <test-method is-config="true" signature="setUp()[pri:0, instance:com.opencart.testlayer.RegisterTest@4f6ee6e4]" started-at="2024-03-19T09:21:21 IST" name="setUp" finished-at="2024-03-19T09:21:26 IST" duration-ms="5157" status="PASS">
          <reporter-output>
          </reporter-output>
        </test-method> <!-- setUp -->
        <test-method signature="validateRegisteringAccountByProvidingExistingAccountdetails()[pri:0, instance:com.opencart.testlayer.RegisterTest@4f6ee6e4]" started-at="2024-03-19T09:21:26 IST" name="validateRegisteringAccountByProvidingExistingAccountdetails" finished-at="2024-03-19T09:21:28 IST" duration-ms="1840" status="PASS">
          <reporter-output>
          </reporter-output>
        </test-method> <!-- validateRegisteringAccountByProvidingExistingAccountdetails -->
        <test-method is-config="true" signature="tearDown()[pri:0, instance:com.opencart.testlayer.RegisterTest@4f6ee6e4]" started-at="2024-03-19T09:21:28 IST" name="tearDown" finished-at="2024-03-19T09:21:30 IST" duration-ms="1337" status="PASS">
          <reporter-output>
          </reporter-output>
        </test-method> <!-- tearDown -->
        <test-method is-config="true" signature="setUp()[pri:0, instance:com.opencart.testlayer.RegisterTest@4f6ee6e4]" started-at="2024-03-19T09:21:30 IST" name="setUp" finished-at="2024-03-19T09:21:35 IST" duration-ms="4968" status="PASS">
          <reporter-output>
          </reporter-output>
        </test-method> <!-- setUp -->
        <test-method signature="validateRegisteringAccountByProvidingValidAccountdetails()[pri:0, instance:com.opencart.testlayer.RegisterTest@4f6ee6e4]" started-at="2024-03-19T09:21:35 IST" name="validateRegisteringAccountByProvidingValidAccountdetails" finished-at="2024-03-19T09:21:36 IST" duration-ms="1928" status="FAIL">
          <exception class="java.lang.AssertionError">
            <message>
              <![CDATA[expected [Your Account Has Been Created!] but found [Register Account]]]>
            </message>
            <full-stacktrace>
              <![CDATA[java.lang.AssertionError: expected [Your Account Has Been Created!] but found [Register Account]
at org.testng.Assert.fail(Assert.java:99)
at org.testng.Assert.failNotEquals(Assert.java:1037)
at org.testng.Assert.assertEqualsImpl(Assert.java:140)
at org.testng.Assert.assertEquals(Assert.java:122)
at org.testng.Assert.assertEquals(Assert.java:629)
at org.testng.Assert.assertEquals(Assert.java:639)
at com.opencart.testlayer.RegisterTest.validateRegisteringAccountByProvidingValidAccountdetails(RegisterTest.java:38)
at java.base/jdk.internal.reflect.NativeMethodAccessorImpl.invoke0(Native Method)
at java.base/jdk.internal.reflect.NativeMethodAccessorImpl.invoke(NativeMethodAccessorImpl.java:77)
at java.base/jdk.internal.reflect.DelegatingMethodAccessorImpl.invoke(DelegatingMethodAccessorImpl.java:43)
at java.base/java.lang.reflect.Method.invoke(Method.java:568)
at org.testng.internal.MethodInvocationHelper.invokeMethod(MethodInvocationHelper.java:133)
at org.testng.internal.TestInvoker.invokeMethod(TestInvoker.java:598)
at org.testng.internal.TestInvoker.invokeTestMethod(TestInvoker.java:173)
at org.testng.internal.MethodRunner.runInSequence(MethodRunner.java:46)
at org.testng.internal.TestInvoker$MethodInvocationAgent.invoke(TestInvoker.java:824)
at org.testng.internal.TestInvoker.invokeTestMethods(TestInvoker.java:146)
at org.testng.internal.TestMethodWorker.invokeTestMethods(TestMethodWorker.java:146)
at org.testng.internal.TestMethodWorker.run(TestMethodWorker.java:128)
at java.base/java.util.ArrayList.forEach(ArrayList.java:1511)
at org.testng.TestRunner.privateRun(TestRunner.java:794)
at org.testng.TestRunner.run(TestRunner.java:596)
at org.testng.SuiteRunner.runTest(SuiteRunner.java:377)
at org.testng.SuiteRunner.runSequentially(SuiteRunner.java:371)
at org.testng.SuiteRunner.privateRun(SuiteRunner.java:332)
at org.testng.SuiteRunner.run(SuiteRunner.java:276)
at org.testng.SuiteRunnerWorker.runSuite(SuiteRunnerWorker.java:53)
at org.testng.SuiteRunnerWorker.run(SuiteRunnerWorker.java:96)
at org.testng.TestNG.runSuitesSequentially(TestNG.java:1212)
at org.testng.TestNG.runSuitesLocally(TestNG.java:1134)
at org.testng.TestNG.runSuites(TestNG.java:1063)
at org.testng.TestNG.run(TestNG.java:1031)
at org.testng.remote.AbstractRemoteTestNG.run(AbstractRemoteTestNG.java:115)
at org.testng.remote.RemoteTestNG.initAndRun(RemoteTestNG.java:251)
at org.testng.remote.RemoteTestNG.main(RemoteTestNG.java:77)
]]>
            </full-stacktrace>
          </exception> <!-- java.lang.AssertionError -->
          <reporter-output>
          </reporter-output>
        </test-method> <!-- validateRegisteringAccountByProvidingValidAccountdetails -->
        <test-method is-config="true" signature="tearDown()[pri:0, instance:com.opencart.testlayer.RegisterTest@4f6ee6e4]" started-at="2024-03-19T09:21:37 IST" name="tearDown" finished-at="2024-03-19T09:21:38 IST" duration-ms="1231" status="PASS">
          <reporter-output>
          </reporter-output>
        </test-method> <!-- tearDown -->
        <test-method is-config="true" signature="end()[pri:0, instance:com.opencart.testlayer.RegisterTest@4f6ee6e4]" started-at="2024-03-19T09:21:54 IST" name="end" finished-at="2024-03-19T09:21:54 IST" duration-ms="0" status="PASS">
          <reporter-output>
          </reporter-output>
        </test-method> <!-- end -->
      </class> <!-- com.opencart.testlayer.RegisterTest -->
    </test> <!-- RegressionTest -->
  </suite> <!-- RegressionSuite -->
</testng-results>
